<?xml version="1.0" encoding="UTF-8"?>
<!-- Generated by org.testng.reporters.JUnitXMLReporter -->
<testsuite hostname="DESKTOP-T6VNPJJ" ignored="0" name="ChromeTest" tests="1" failures="1" timestamp="2023-07-20T12:22:34 IST" time="21.159" errors="0">
  <testcase name="scenario" time="11.976" classname="testRunners.MyRunner">
    <failure type="java.lang.AssertionError" message="Email field is not displayed expected [true] but found [false]">
      <![CDATA[java.lang.AssertionError: Email field is not displayed expected [true] but found [false]
at stepDefinitions.LoginStepDefs.i_want_to_write_a_step_with_precondition(LoginStepDefs.java:22)
at âœ½.I want to write a step with precondition(file:///C:/Users/lenovo/Documents/testngCucumberTemplate/src/test/resources/com/features/login.feature:5)
... Removed 3 stack frames]]>
    </failure>
  </testcase> <!-- scenario -->
</testsuite> <!-- ChromeTest -->
