<?xml version="1.0" encoding="UTF-8"?>
<!-- Generated by org.testng.reporters.JUnitReportReporter -->
<testsuite skipped="0" hostname="DESKTOP-T6VNPJJ" name="testRunners.Runner1" tests="2" failures="2" timestamp="2023-07-20T12:23:05 IST" time="41.279" errors="0">
  <testcase name="scenario" time="29.303" classname="testRunners.Runner1">
    <failure type="java.lang.AssertionError" message="Email field is not displayed expected [true] but found [false]">
      <![CDATA[java.lang.AssertionError: Email field is not displayed expected [true] but found [false]
at org.testng.Assert.fail(Assert.java:99)
at org.testng.Assert.failNotEquals(Assert.java:1037)
at org.testng.Assert.assertTrue(Assert.java:45)
at stepDefinitions.LoginStepDefs.i_want_to_write_a_step_with_precondition(LoginStepDefs.java:22)
at ✽.I want to write a step with precondition(file:///C:/Users/lenovo/Documents/testngCucumberTemplate/src/test/resources/com/features/login.feature:5)
]]>
    </failure>
  </testcase> <!-- scenario -->
  <system-out/>
  <testcase name="scenario" time="11.976" classname="testRunners.Runner1">
    <failure type="java.lang.AssertionError" message="Email field is not displayed expected [true] but found [false]">
      <![CDATA[java.lang.AssertionError: Email field is not displayed expected [true] but found [false]
at org.testng.Assert.fail(Assert.java:99)
at org.testng.Assert.failNotEquals(Assert.java:1037)
at org.testng.Assert.assertTrue(Assert.java:45)
at stepDefinitions.LoginStepDefs.i_want_to_write_a_step_with_precondition(LoginStepDefs.java:22)
at ✽.I want to write a step with precondition(file:///C:/Users/lenovo/Documents/testngCucumberTemplate/src/test/resources/com/features/login.feature:5)
]]>
    </failure>
  </testcase> <!-- scenario -->
  <system-out/>
</testsuite> <!-- testRunners.Runner1 -->
